info: Server started at http://localhost:3003/api/v1/ {"timestamp":"2022-06-21T02:29:07.551Z"}
info: Connected to the database. {"timestamp":"2022-06-21T02:29:07.916Z"}
info: Server started at http://localhost:3003/api/v1/ {"timestamp":"2022-06-21T02:43:42.938Z"}
info: Connected to the database. {"timestamp":"2022-06-21T02:43:43.055Z"}
info: Server started at http://localhost:3003/api/v1/ {"timestamp":"2022-06-21T02:44:16.464Z"}
info: Connected to the database. {"timestamp":"2022-06-21T02:44:16.598Z"}
info: Server started at http://localhost:3003/api/v1/ {"timestamp":"2022-06-21T02:52:11.100Z"}
info: Connected to the database. {"timestamp":"2022-06-21T02:52:11.208Z"}
info: Server started at http://localhost:3003/api/v1/ {"timestamp":"2022-06-21T02:57:31.572Z"}
info: Connected to the database. {"timestamp":"2022-06-21T02:57:31.610Z"}
info: Server started at http://localhost:3003/api/v1/ {"timestamp":"2022-06-21T02:57:45.641Z"}
info: Connected to the database. {"timestamp":"2022-06-21T02:57:45.713Z"}
info: Server started at http://localhost:3003/api/v1/ {"timestamp":"2022-06-21T02:59:51.060Z"}
info: Connected to the database. {"timestamp":"2022-06-21T02:59:51.227Z"}
info: Server started at http://localhost:3003/api/v1/ {"timestamp":"2022-06-21T03:03:32.352Z"}
info: Connected to the database. {"timestamp":"2022-06-21T03:03:32.422Z"}
info: Server started at http://localhost:3003/api/v1/ {"timestamp":"2022-06-21T03:06:02.936Z"}
info: Connected to the database. {"timestamp":"2022-06-21T03:06:02.985Z"}
info: Server started at http://localhost:3003/api/v1/ {"timestamp":"2022-06-21T03:10:24.677Z"}
info: Connected to the database. {"timestamp":"2022-06-21T03:10:24.824Z"}
info: Server started at http://localhost:3003/api/v1/ {"timestamp":"2022-06-21T03:11:55.938Z"}
info: Connected to the database. {"timestamp":"2022-06-21T03:11:55.977Z"}
info: Server started at http://localhost:3003/api/v1/ {"timestamp":"2022-06-21T03:12:55.179Z"}
info: Connected to the database. {"timestamp":"2022-06-21T03:12:55.240Z"}
info: Server started at http://localhost:3003/api/v1/ {"timestamp":"2022-06-21T03:13:50.034Z"}
info: Connected to the database. {"timestamp":"2022-06-21T03:13:50.091Z"}
info: Server started at http://localhost:3003/api/v1/ {"timestamp":"2022-06-21T03:14:43.763Z"}
info: Connected to the database. {"timestamp":"2022-06-21T03:14:43.795Z"}
info: Server started at http://localhost:3003/api/v1/ {"timestamp":"2022-06-21T03:16:51.359Z"}
info: Connected to the database. {"timestamp":"2022-06-21T03:16:51.592Z"}
info: Server started at http://localhost:3003/api/v1/ {"timestamp":"2022-06-21T03:17:01.074Z"}
info: Connected to the database. {"timestamp":"2022-06-21T03:17:01.109Z"}
info: Server started at http://localhost:3003/api/v1/ {"timestamp":"2022-06-21T03:17:23.640Z"}
info: Connected to the database. {"timestamp":"2022-06-21T03:17:23.683Z"}
info: Server started at http://localhost:3003/api/v1/ {"timestamp":"2022-06-21T03:21:02.365Z"}
info: Connected to the database. {"timestamp":"2022-06-21T03:21:02.404Z"}
info: Server started at http://localhost:3003/api/v1/ {"timestamp":"2022-06-21T03:21:34.960Z"}
info: Connected to the database. {"timestamp":"2022-06-21T03:21:35.035Z"}
info: Server started at http://localhost:3003/api/v1/ {"timestamp":"2022-06-21T03:22:23.921Z"}
info: Connected to the database. {"timestamp":"2022-06-21T03:22:23.958Z"}
info: Server started at http://localhost:3003/api/v1/ {"timestamp":"2022-06-21T03:22:50.412Z"}
info: Connected to the database. {"timestamp":"2022-06-21T03:22:50.457Z"}
info: Server started at http://localhost:3003/api/v1/ {"timestamp":"2022-06-21T03:24:06.455Z"}
info: Connected to the database. {"timestamp":"2022-06-21T03:24:06.517Z"}
info: Server started at http://localhost:3003/api/v1/ {"timestamp":"2022-06-21T03:24:23.690Z"}
info: Connected to the database. {"timestamp":"2022-06-21T03:24:24.180Z"}
info: Server started at http://localhost:3003/api/v1/ {"timestamp":"2022-06-21T03:24:34.573Z"}
info: Connected to the database. {"timestamp":"2022-06-21T03:24:34.633Z"}
info: Server started at http://localhost:3003/api/v1/ {"timestamp":"2022-06-21T03:24:54.260Z"}
info: Connected to the database. {"timestamp":"2022-06-21T03:24:54.299Z"}
info: Server started at http://localhost:3003/api/v1/ {"timestamp":"2022-06-21T03:27:37.638Z"}
info: Connected to the database. {"timestamp":"2022-06-21T03:27:37.709Z"}
info: Server started at http://localhost:3003/api/v1/ {"timestamp":"2022-06-21T03:27:57.268Z"}
info: Connected to the database. {"timestamp":"2022-06-21T03:27:57.306Z"}
info: Server started at http://localhost:3003/api/v1/ {"timestamp":"2022-06-21T03:28:31.744Z"}
info: Connected to the database. {"timestamp":"2022-06-21T03:28:31.800Z"}
info: Server started at http://localhost:3003/api/v1/ {"timestamp":"2022-06-21T03:29:51.869Z"}
info: Connected to the database. {"timestamp":"2022-06-21T03:29:51.924Z"}
info: Server started at http://localhost:3003/api/v1/ {"timestamp":"2022-06-21T03:30:01.060Z"}
info: Connected to the database. {"timestamp":"2022-06-21T03:30:01.152Z"}
info: Server started at http://localhost:3003/api/v1/ {"timestamp":"2022-06-21T03:30:19.278Z"}
info: Connected to the database. {"timestamp":"2022-06-21T03:30:19.366Z"}
info: Server started at http://localhost:3003/api/v1/ {"timestamp":"2022-06-21T03:30:56.737Z"}
info: Connected to the database. {"timestamp":"2022-06-21T03:30:56.800Z"}
info: Server started at http://localhost:3003/api/v1/ {"timestamp":"2022-06-21T03:31:23.074Z"}
info: Connected to the database. {"timestamp":"2022-06-21T03:31:23.110Z"}
info: Server started at http://localhost:3003/api/v1/ {"timestamp":"2022-06-21T04:20:21.488Z"}
info: Connected to the database. {"timestamp":"2022-06-21T04:20:21.539Z"}
info: Server started at http://localhost:3003/api/v1/ {"timestamp":"2022-06-21T04:23:22.063Z"}
info: Connected to the database. {"timestamp":"2022-06-21T04:23:22.089Z"}
info: Server started at http://localhost:3003/api/v1/ {"timestamp":"2022-06-21T04:24:18.416Z"}
info: Connected to the database. {"timestamp":"2022-06-21T04:24:18.440Z"}
info: Server started at http://localhost:3003/api/v1/ {"timestamp":"2022-06-21T04:27:20.558Z"}
info: Connected to the database. {"timestamp":"2022-06-21T04:27:20.583Z"}
info: Server started at http://localhost:3003/api/v1/ {"timestamp":"2022-06-21T16:10:31.547Z"}
info: Connected to the database. {"timestamp":"2022-06-21T16:10:31.742Z"}
info: Server started at http://localhost:3003/api/v1/ {"timestamp":"2022-06-21T17:55:59.960Z"}
info: Connected to the database. {"timestamp":"2022-06-21T17:56:00.094Z"}
error: 
      status - 400
      message - Authorization token is required 
      url - /api/v1/cart/add/6214803b05253301a4fda584 
      method - POST 
      IP - ::1
     {"timestamp":"2022-06-21T17:59:51.847Z"}
error: 
      status - 400
      message - Authorization token is required 
      url - /api/v1/cart/add/6214803b05253301a4fda584 
      method - POST 
      IP - ::1
     {"timestamp":"2022-06-21T17:59:56.309Z"}
error: 
      status - 400
      message - Authorization token is required 
      url - /api/v1/cart/add/6214803b05253301a4fda584 
      method - POST 
      IP - ::1
     {"timestamp":"2022-06-21T18:04:46.163Z"}
info: Server started at http://localhost:3003/api/v1/ {"timestamp":"2022-06-21T18:06:10.775Z"}
info: Connected to the database. {"timestamp":"2022-06-21T18:06:11.046Z"}
error: 
      status - 400
      message - Authorization token is required 
      url - /api/v1/cart/add/62158a8405253301a4fda5e0 
      method - POST 
      IP - ::1
     {"timestamp":"2022-06-21T18:06:50.393Z"}
info: Server started at http://localhost:3003/api/v1/ {"timestamp":"2022-06-21T18:07:23.529Z"}
info: Connected to the database. {"timestamp":"2022-06-21T18:07:23.902Z"}
info: Server started at http://localhost:3003/api/v1/ {"timestamp":"2022-06-21T18:07:33.509Z"}
info: Connected to the database. {"timestamp":"2022-06-21T18:07:33.569Z"}
error: 
      status - 400
      message - Authorization token is required 
      url - /api/v1/cart/add/62158a8405253301a4fda5e0 
      method - POST 
      IP - ::1
     {"timestamp":"2022-06-21T18:07:52.348Z"}
error: 
      status - 400
      message - Authorization token is required 
      url - /api/v1/cart/add/621588f105253301a4fda5d0 
      method - POST 
      IP - ::1
     {"timestamp":"2022-06-21T18:08:34.349Z"}
error: 
      status - 400
      message - Authorization token is required 
      url - /api/v1/cart/add/621588f105253301a4fda5d0 
      method - POST 
      IP - ::1
     {"timestamp":"2022-06-21T18:10:20.198Z"}
info: Server started at http://localhost:3003/api/v1/ {"timestamp":"2022-06-21T18:10:37.822Z"}
info: Connected to the database. {"timestamp":"2022-06-21T18:10:37.878Z"}
