info: Server started at http://localhost:3003/api/v1/ {"timestamp":"2022-06-16T05:36:06.538Z"}
error: Could not connect to the database. connect ECONNREFUSED 127.0.0.1:27017 {"reason":{"commonWireVersion":null,"compatibilityError":null,"compatible":true,"heartbeatFrequencyMS":10000,"localThresholdMS":15,"logicalSessionTimeoutMinutes":null,"maxElectionId":null,"maxSetVersion":null,"servers":{},"setName":null,"stale":false,"type":"Single"},"stack":"MongooseServerSelectionError: connect ECONNREFUSED 127.0.0.1:27017\n    at NativeConnection.Connection.openUri (C:\\Users\\anand\\Desktop\\Coder\\BookStore\\BookStoreBackEnd\\bookstorebackend\\node_modules\\mongoose\\lib\\connection.js:847:32)\n    at C:\\Users\\anand\\Desktop\\Coder\\BookStore\\BookStoreBackEnd\\bookstorebackend\\node_modules\\mongoose\\lib\\index.js:351:10\n    at C:\\Users\\anand\\Desktop\\Coder\\BookStore\\BookStoreBackEnd\\bookstorebackend\\node_modules\\mongoose\\lib\\helpers\\promiseOrCallback.js:32:5\n    at new Promise (<anonymous>)\n    at promiseOrCallback (C:\\Users\\anand\\Desktop\\Coder\\BookStore\\BookStoreBackEnd\\bookstorebackend\\node_modules\\mongoose\\lib\\helpers\\promiseOrCallback.js:31:10)\n    at Mongoose._promiseOrCallback (C:\\Users\\anand\\Desktop\\Coder\\BookStore\\BookStoreBackEnd\\bookstorebackend\\node_modules\\mongoose\\lib\\index.js:1149:10)\n    at Mongoose.connect (C:\\Users\\anand\\Desktop\\Coder\\BookStore\\BookStoreBackEnd\\bookstorebackend\\node_modules\\mongoose\\lib\\index.js:350:20)\n    at _callee$ (C:\\Users\\anand\\Desktop\\Coder\\BookStore\\BookStoreBackEnd\\bookstorebackend\\src\\config\\/database.js:12:20)\n    at tryCatch (C:\\Users\\anand\\Desktop\\Coder\\BookStore\\BookStoreBackEnd\\bookstorebackend\\node_modules\\@babel\\runtime\\helpers\\regeneratorRuntime.js:86:17)\n    at Generator._invoke (C:\\Users\\anand\\Desktop\\Coder\\BookStore\\BookStoreBackEnd\\bookstorebackend\\node_modules\\@babel\\runtime\\helpers\\regeneratorRuntime.js:66:24)\n    at Generator.next (C:\\Users\\anand\\Desktop\\Coder\\BookStore\\BookStoreBackEnd\\bookstorebackend\\node_modules\\@babel\\runtime\\helpers\\regeneratorRuntime.js:117:21)\n    at asyncGeneratorStep (C:\\Users\\anand\\Desktop\\Coder\\BookStore\\BookStoreBackEnd\\bookstorebackend\\node_modules\\@babel\\runtime\\helpers\\asyncToGenerator.js:3:24)\n    at _next (C:\\Users\\anand\\Desktop\\Coder\\BookStore\\BookStoreBackEnd\\bookstorebackend\\node_modules\\@babel\\runtime\\helpers\\asyncToGenerator.js:25:9)\n    at C:\\Users\\anand\\Desktop\\Coder\\BookStore\\BookStoreBackEnd\\bookstorebackend\\node_modules\\@babel\\runtime\\helpers\\asyncToGenerator.js:32:7\n    at new Promise (<anonymous>)\n    at C:\\Users\\anand\\Desktop\\Coder\\BookStore\\BookStoreBackEnd\\bookstorebackend\\node_modules\\@babel\\runtime\\helpers\\asyncToGenerator.js:21:12","timestamp":"2022-06-16T05:36:36.535Z"}
info: Server started at http://localhost:3003/api/v1/ {"timestamp":"2022-06-16T05:39:30.226Z"}
info: Connected to the database. {"timestamp":"2022-06-16T05:39:30.357Z"}
info: Server started at http://localhost:3003/api/v1/ {"timestamp":"2022-06-16T09:01:23.733Z"}
info: Connected to the database. {"timestamp":"2022-06-16T09:01:23.800Z"}
info: Connected to the database. {"timestamp":"2022-06-16T09:01:45.656Z"}
info: Server started at http://localhost:3003/api/v1/ {"timestamp":"2022-06-16T09:23:15.038Z"}
info: Connected to the database. {"timestamp":"2022-06-16T09:23:15.098Z"}
info: Server started at http://localhost:3003/api/v1/ {"timestamp":"2022-06-16T09:24:56.278Z"}
info: Connected to the database. {"timestamp":"2022-06-16T09:24:56.309Z"}
info: Server started at http://localhost:3003/api/v1/ {"timestamp":"2022-06-16T09:26:49.744Z"}
info: Connected to the database. {"timestamp":"2022-06-16T09:26:49.769Z"}
info: Server started at http://localhost:3003/api/v1/ {"timestamp":"2022-06-16T09:29:26.013Z"}
info: Connected to the database. {"timestamp":"2022-06-16T09:29:26.064Z"}
info: Server started at http://localhost:3003/api/v1/ {"timestamp":"2022-06-16T09:30:45.513Z"}
info: Connected to the database. {"timestamp":"2022-06-16T09:30:45.538Z"}
error: 
    status - 500 
    message - SyntaxError: Unexpected token f in JSON at position 6
    at JSON.parse (<anonymous>)
    at parse (C:\Users\anand\Desktop\Coder\BookStore\BookStoreBackEnd\bookstorebackend\node_modules\body-parser\lib\types\json.js:89:19)
    at C:\Users\anand\Desktop\Coder\BookStore\BookStoreBackEnd\bookstorebackend\node_modules\body-parser\lib\read.js:128:18
    at AsyncResource.runInAsyncScope (node:async_hooks:199:9)
    at invokeCallback (C:\Users\anand\Desktop\Coder\BookStore\BookStoreBackEnd\bookstorebackend\node_modules\raw-body\index.js:231:16)
    at done (C:\Users\anand\Desktop\Coder\BookStore\BookStoreBackEnd\bookstorebackend\node_modules\raw-body\index.js:220:7)
    at IncomingMessage.onEnd (C:\Users\anand\Desktop\Coder\BookStore\BookStoreBackEnd\bookstorebackend\node_modules\raw-body\index.js:280:7)
    at IncomingMessage.emit (node:events:402:35)
    at IncomingMessage.emit (node:domain:475:12)
    at endReadableNT (node:internal/streams/readable:1343:12)
    at processTicksAndRejections (node:internal/process/task_queues:83:21) 
    url - /api/v1/ 
    method - GET 
    IP - ::ffff:127.0.0.1
   {"timestamp":"2022-06-16T09:31:57.629Z"}
info: Server started at http://localhost:3003/api/v1/ {"timestamp":"2022-06-16T09:33:36.426Z"}
info: Connected to the database. {"timestamp":"2022-06-16T09:33:36.463Z"}
info: Server started at http://localhost:3003/api/v1/ {"timestamp":"2022-06-16T09:34:39.285Z"}
info: Connected to the database. {"timestamp":"2022-06-16T09:34:39.325Z"}
info: Server started at http://localhost:3003/api/v1/ {"timestamp":"2022-06-16T09:36:15.433Z"}
info: Connected to the database. {"timestamp":"2022-06-16T09:36:15.468Z"}
info: Server started at http://localhost:3003/api/v1/ {"timestamp":"2022-06-16T09:37:38.496Z"}
info: Connected to the database. {"timestamp":"2022-06-16T09:37:38.538Z"}
info: Server started at http://localhost:3003/api/v1/ {"timestamp":"2022-06-16T09:37:44.155Z"}
info: Connected to the database. {"timestamp":"2022-06-16T09:37:44.397Z"}
info: Server started at http://localhost:3003/api/v1/ {"timestamp":"2022-06-16T09:38:45.023Z"}
info: Connected to the database. {"timestamp":"2022-06-16T09:38:45.059Z"}
info: Server started at http://localhost:3003/api/v1/ {"timestamp":"2022-06-16T09:39:23.957Z"}
info: Connected to the database. {"timestamp":"2022-06-16T09:39:24.004Z"}
info: Server started at http://localhost:3003/api/v1/ {"timestamp":"2022-06-16T09:39:44.683Z"}
info: Connected to the database. {"timestamp":"2022-06-16T09:39:44.727Z"}
info: Server started at http://localhost:3003/api/v1/ {"timestamp":"2022-06-16T09:39:52.069Z"}
info: Connected to the database. {"timestamp":"2022-06-16T09:39:52.120Z"}
info: Server started at http://localhost:3003/api/v1/ {"timestamp":"2022-06-16T09:42:10.818Z"}
info: Connected to the database. {"timestamp":"2022-06-16T09:42:10.848Z"}
info: Server started at http://localhost:3003/api/v1/ {"timestamp":"2022-06-16T09:45:35.609Z"}
info: Connected to the database. {"timestamp":"2022-06-16T09:45:35.647Z"}
info: Server started at http://localhost:3003/api/v1/ {"timestamp":"2022-06-16T09:46:14.714Z"}
info: Connected to the database. {"timestamp":"2022-06-16T09:46:14.765Z"}
info: Server started at http://localhost:3003/api/v1/ {"timestamp":"2022-06-16T09:46:29.596Z"}
info: Connected to the database. {"timestamp":"2022-06-16T09:46:29.640Z"}
info: Server started at http://localhost:3003/api/v1/ {"timestamp":"2022-06-16T09:47:09.313Z"}
info: Connected to the database. {"timestamp":"2022-06-16T09:47:09.354Z"}
info: Server started at http://localhost:3003/api/v1/ {"timestamp":"2022-06-16T09:54:19.339Z"}
info: Connected to the database. {"timestamp":"2022-06-16T09:54:19.375Z"}
info: Server started at http://localhost:3003/api/v1/ {"timestamp":"2022-06-16T10:32:53.865Z"}
info: Connected to the database. {"timestamp":"2022-06-16T10:32:53.927Z"}
info: Server started at http://localhost:3003/api/v1/ {"timestamp":"2022-06-16T10:33:11.014Z"}
info: Connected to the database. {"timestamp":"2022-06-16T10:33:11.042Z"}
info: Server started at http://localhost:3003/api/v1/ {"timestamp":"2022-06-16T10:34:57.542Z"}
info: Connected to the database. {"timestamp":"2022-06-16T10:34:57.577Z"}
info: Server started at http://localhost:3003/api/v1/ {"timestamp":"2022-06-16T10:36:05.627Z"}
info: Connected to the database. {"timestamp":"2022-06-16T10:36:05.667Z"}
info: Server started at http://localhost:3003/api/v1/ {"timestamp":"2022-06-16T10:37:50.750Z"}
info: Connected to the database. {"timestamp":"2022-06-16T10:37:50.803Z"}
info: Server started at http://localhost:3003/api/v1/ {"timestamp":"2022-06-16T10:39:25.822Z"}
info: Connected to the database. {"timestamp":"2022-06-16T10:39:25.859Z"}
info: Server started at http://localhost:3003/api/v1/ {"timestamp":"2022-06-16T10:40:06.645Z"}
info: Connected to the database. {"timestamp":"2022-06-16T10:40:06.695Z"}
info: Server started at http://localhost:3003/api/v1/ {"timestamp":"2022-06-16T10:42:37.024Z"}
info: Connected to the database. {"timestamp":"2022-06-16T10:42:37.081Z"}
info: Server started at http://localhost:3003/api/v1/ {"timestamp":"2022-06-16T10:46:17.371Z"}
info: Connected to the database. {"timestamp":"2022-06-16T10:46:17.401Z"}
info: Server started at http://localhost:3003/api/v1/ {"timestamp":"2022-06-16T10:49:06.407Z"}
info: Connected to the database. {"timestamp":"2022-06-16T10:49:06.448Z"}
info: Server started at http://localhost:3003/api/v1/ {"timestamp":"2022-06-16T10:50:53.547Z"}
info: Connected to the database. {"timestamp":"2022-06-16T10:50:53.593Z"}
info: Server started at http://localhost:3003/api/v1/ {"timestamp":"2022-06-16T10:52:06.340Z"}
info: Connected to the database. {"timestamp":"2022-06-16T10:52:06.381Z"}
info: Server started at http://localhost:3003/api/v1/ {"timestamp":"2022-06-16T10:52:47.631Z"}
info: Connected to the database. {"timestamp":"2022-06-16T10:52:47.671Z"}
info: Server started at http://localhost:3003/api/v1/ {"timestamp":"2022-06-16T11:02:06.770Z"}
info: Connected to the database. {"timestamp":"2022-06-16T11:02:06.798Z"}
info: Server started at http://localhost:3003/api/v1/ {"timestamp":"2022-06-16T11:05:02.453Z"}
info: Connected to the database. {"timestamp":"2022-06-16T11:05:02.480Z"}
info: Server started at http://localhost:3003/api/v1/ {"timestamp":"2022-06-16T11:05:45.344Z"}
info: Connected to the database. {"timestamp":"2022-06-16T11:05:45.382Z"}
info: Server started at http://localhost:3003/api/v1/ {"timestamp":"2022-06-16T11:09:10.880Z"}
info: Connected to the database. {"timestamp":"2022-06-16T11:09:10.904Z"}
info: Server started at http://localhost:3003/api/v1/ {"timestamp":"2022-06-16T11:09:21.393Z"}
info: Connected to the database. {"timestamp":"2022-06-16T11:09:21.443Z"}
info: Server started at http://localhost:3003/api/v1/ {"timestamp":"2022-06-16T11:13:08.480Z"}
info: Connected to the database. {"timestamp":"2022-06-16T11:13:08.562Z"}
info: Server started at http://localhost:3003/api/v1/ {"timestamp":"2022-06-16T11:14:54.096Z"}
info: Connected to the database. {"timestamp":"2022-06-16T11:14:54.153Z"}
info: Server started at http://localhost:3003/api/v1/ {"timestamp":"2022-06-16T11:15:40.630Z"}
info: Connected to the database. {"timestamp":"2022-06-16T11:15:40.662Z"}
info: Server started at http://localhost:3003/api/v1/ {"timestamp":"2022-06-16T11:16:20.326Z"}
info: Connected to the database. {"timestamp":"2022-06-16T11:16:20.354Z"}
info: Server started at http://localhost:3003/api/v1/ {"timestamp":"2022-06-16T11:16:52.214Z"}
info: Connected to the database. {"timestamp":"2022-06-16T11:16:52.240Z"}
info: Server started at http://localhost:3003/api/v1/ {"timestamp":"2022-06-16T11:18:04.079Z"}
info: Connected to the database. {"timestamp":"2022-06-16T11:18:04.127Z"}
info: Server started at http://localhost:3003/api/v1/ {"timestamp":"2022-06-16T11:22:13.100Z"}
info: Connected to the database. {"timestamp":"2022-06-16T11:22:13.131Z"}
info: Server started at http://localhost:3003/api/v1/ {"timestamp":"2022-06-16T11:22:18.859Z"}
info: Connected to the database. {"timestamp":"2022-06-16T11:22:18.907Z"}
info: Server started at http://localhost:3003/api/v1/ {"timestamp":"2022-06-16T11:22:58.674Z"}
info: Connected to the database. {"timestamp":"2022-06-16T11:22:58.704Z"}
info: Server started at http://localhost:3003/api/v1/ {"timestamp":"2022-06-16T11:23:14.487Z"}
info: Connected to the database. {"timestamp":"2022-06-16T11:23:14.514Z"}
info: Server started at http://localhost:3003/api/v1/ {"timestamp":"2022-06-16T11:24:24.838Z"}
info: Connected to the database. {"timestamp":"2022-06-16T11:24:24.868Z"}
info: Server started at http://localhost:3003/api/v1/ {"timestamp":"2022-06-16T11:25:36.005Z"}
info: Connected to the database. {"timestamp":"2022-06-16T11:25:36.049Z"}
info: Server started at http://localhost:3003/api/v1/ {"timestamp":"2022-06-16T11:27:20.749Z"}
info: Connected to the database. {"timestamp":"2022-06-16T11:27:20.840Z"}
info: Server started at http://localhost:3003/api/v1/ {"timestamp":"2022-06-16T11:39:43.210Z"}
info: Connected to the database. {"timestamp":"2022-06-16T11:39:43.248Z"}
info: Server started at http://localhost:3003/api/v1/ {"timestamp":"2022-06-16T11:46:25.700Z"}
info: Connected to the database. {"timestamp":"2022-06-16T11:46:25.752Z"}
info: Server started at http://localhost:3003/api/v1/ {"timestamp":"2022-06-16T11:48:32.267Z"}
info: Connected to the database. {"timestamp":"2022-06-16T11:48:32.311Z"}
info: Server started at http://localhost:3003/api/v1/ {"timestamp":"2022-06-16T11:51:51.865Z"}
info: Connected to the database. {"timestamp":"2022-06-16T11:51:51.905Z"}
info: Server started at http://localhost:3003/api/v1/ {"timestamp":"2022-06-16T11:52:42.773Z"}
info: Connected to the database. {"timestamp":"2022-06-16T11:52:42.841Z"}
info: Server started at http://localhost:3003/api/v1/ {"timestamp":"2022-06-16T12:33:56.730Z"}
info: Connected to the database. {"timestamp":"2022-06-16T12:33:56.847Z"}
info: Server started at http://localhost:3003/api/v1/ {"timestamp":"2022-06-16T12:35:49.805Z"}
info: Connected to the database. {"timestamp":"2022-06-16T12:35:49.845Z"}
info: Server started at http://localhost:3003/api/v1/ {"timestamp":"2022-06-16T12:36:59.512Z"}
info: Connected to the database. {"timestamp":"2022-06-16T12:36:59.554Z"}
info: Server started at http://localhost:3003/api/v1/ {"timestamp":"2022-06-16T14:49:03.066Z"}
info: Connected to the database. {"timestamp":"2022-06-16T14:49:03.091Z"}
info: Server started at http://localhost:3003/api/v1/ {"timestamp":"2022-06-16T14:51:41.465Z"}
info: Connected to the database. {"timestamp":"2022-06-16T14:51:41.492Z"}
